<?xml version="1.0" encoding="UTF-8"?>
<!-- Generated by org.testng.reporters.JUnitXMLReporter -->
<testsuite ignored="1" hostname="Yash" failures="0" tests="1" name="Test" time="13.949" errors="0" timestamp="2025-05-21T12:42:26 IST">
  <testcase classname="inventoryTests.AddProductToCartTest" name="tc_01_AddProductTocartTest" time="1.949"/>
  <testcase classname="inventoryTests.AddProductToCartTest" name="sampleTest" time="0.0">
    <ignored/>
  </testcase> <!-- sampleTest -->
</testsuite> <!-- Test -->
