<?xml version="1.0" encoding="UTF-8"?>
<!-- Generated by org.testng.reporters.JUnitXMLReporter -->
<testsuite ignored="1" hostname="Yash" failures="0" tests="1" name="Test" time="8.847" errors="0" timestamp="2025-05-14T11:58:59 IST">
  <testcase classname="inventoryTests.AddProductToCartTest" name="tc_01_AddProductTocartTest" time="1.424"/>
  <testcase classname="inventoryTests.AddProductToCartTest" name="sampleTest" time="0.0">
    <ignored/>
  </testcase> <!-- sampleTest -->
</testsuite> <!-- Test -->
