<?xml version="1.0" encoding="UTF-8"?>
<testng-results ignored="1" total="2" passed="1" failed="0" skipped="0">
  <reporter-output>
  </reporter-output>
  <suite started-at="2025-05-14T11:58:50 IST" name="Suite" finished-at="2025-05-14T11:58:59 IST" duration-ms="8847">
    <groups>
      <group name="SmokeSuite">
        <method signature="AddProductToCartTest.tc_01_AddProductTocartTest()[pri:0, instance:inventoryTests.AddProductToCartTest@481a996b]" name="tc_01_AddProductTocartTest" class="inventoryTests.AddProductToCartTest"/>
      </group> <!-- SmokeSuite -->
    </groups>
    <test started-at="2025-05-14T11:58:50 IST" name="Test" finished-at="2025-05-14T11:58:59 IST" duration-ms="8847">
      <class name="inventoryTests.AddProductToCartTest">
        <test-method is-config="true" signature="bsConfig()[pri:0, instance:inventoryTests.AddProductToCartTest@481a996b]" started-at="2025-05-14T11:58:50 IST" name="bsConfig" finished-at="2025-05-14T11:58:50 IST" duration-ms="7" status="PASS">
          <reporter-output>
          </reporter-output>
        </test-method> <!-- bsConfig -->
        <test-method is-config="true" signature="bcConfig()[pri:0, instance:inventoryTests.AddProductToCartTest@481a996b]" started-at="2025-05-14T11:58:50 IST" name="bcConfig" finished-at="2025-05-14T11:58:56 IST" duration-ms="5790" status="PASS">
          <reporter-output>
          </reporter-output>
        </test-method> <!-- bcConfig -->
        <test-method is-config="true" signature="bmConfig()[pri:0, instance:inventoryTests.AddProductToCartTest@481a996b]" started-at="2025-05-14T11:58:56 IST" name="bmConfig" finished-at="2025-05-14T11:58:57 IST" duration-ms="624" status="PASS">
          <reporter-output>
          </reporter-output>
        </test-method> <!-- bmConfig -->
        <test-method signature="tc_01_AddProductTocartTest()[pri:0, instance:inventoryTests.AddProductToCartTest@481a996b]" started-at="2025-05-14T11:58:57 IST" name="tc_01_AddProductTocartTest" finished-at="2025-05-14T11:58:58 IST" duration-ms="1424" status="PASS">
          <reporter-output>
          </reporter-output>
        </test-method> <!-- tc_01_AddProductTocartTest -->
        <test-method is-config="true" signature="amConfig()[pri:0, instance:inventoryTests.AddProductToCartTest@481a996b]" started-at="2025-05-14T11:58:58 IST" name="amConfig" finished-at="2025-05-14T11:58:59 IST" duration-ms="593" status="PASS">
          <reporter-output>
          </reporter-output>
        </test-method> <!-- amConfig -->
        <test-method is-config="true" signature="asConfig()[pri:0, instance:inventoryTests.AddProductToCartTest@481a996b]" started-at="2025-05-14T11:58:59 IST" name="asConfig" finished-at="2025-05-14T11:58:59 IST" duration-ms="1" status="PASS">
          <reporter-output>
          </reporter-output>
        </test-method> <!-- asConfig -->
      </class> <!-- inventoryTests.AddProductToCartTest -->
    </test> <!-- Test -->
  </suite> <!-- Suite -->
</testng-results>
