<?xml version="1.0" encoding="UTF-8"?>
<testng-results ignored="0" total="1" passed="1" failed="0" skipped="0">
  <reporter-output>
  </reporter-output>
  <suite started-at="2025-05-21T12:42:12 IST" name="Suite" finished-at="2025-05-21T12:42:26 IST" duration-ms="13949">
    <groups>
      <group name="SmokeSuite">
        <method signature="AddProductToCartTest.tc_01_AddProductTocartTest()[pri:0, instance:inventoryTests.AddProductToCartTest@7817fd62]" name="tc_01_AddProductTocartTest" class="inventoryTests.AddProductToCartTest"/>
      </group> <!-- SmokeSuite -->
    </groups>
    <test started-at="2025-05-21T12:42:12 IST" name="Test" finished-at="2025-05-21T12:42:26 IST" duration-ms="13949">
      <class name="inventoryTests.AddProductToCartTest">
        <test-method is-config="true" signature="bsConfig()[pri:0, instance:inventoryTests.AddProductToCartTest@7817fd62]" started-at="2025-05-21T12:42:12 IST" name="bsConfig" finished-at="2025-05-21T12:42:12 IST" duration-ms="19" status="PASS">
          <reporter-output>
          </reporter-output>
        </test-method> <!-- bsConfig -->
        <test-method is-config="true" signature="bcConfig()[pri:0, instance:inventoryTests.AddProductToCartTest@7817fd62]" started-at="2025-05-21T12:42:13 IST" name="bcConfig" finished-at="2025-05-21T12:42:23 IST" duration-ms="10279" status="PASS">
          <reporter-output>
          </reporter-output>
        </test-method> <!-- bcConfig -->
        <test-method is-config="true" signature="bmConfig()[pri:0, instance:inventoryTests.AddProductToCartTest@7817fd62]" started-at="2025-05-21T12:42:23 IST" name="bmConfig" finished-at="2025-05-21T12:42:24 IST" duration-ms="830" status="PASS">
          <reporter-output>
          </reporter-output>
        </test-method> <!-- bmConfig -->
        <test-method signature="tc_01_AddProductTocartTest()[pri:0, instance:inventoryTests.AddProductToCartTest@7817fd62]" started-at="2025-05-21T12:42:24 IST" name="tc_01_AddProductTocartTest" finished-at="2025-05-21T12:42:26 IST" duration-ms="1949" status="PASS">
          <reporter-output>
          </reporter-output>
        </test-method> <!-- tc_01_AddProductTocartTest -->
        <test-method is-config="true" signature="amConfig()[pri:0, instance:inventoryTests.AddProductToCartTest@7817fd62]" started-at="2025-05-21T12:42:26 IST" name="amConfig" finished-at="2025-05-21T12:42:26 IST" duration-ms="449" status="PASS">
          <reporter-output>
          </reporter-output>
        </test-method> <!-- amConfig -->
        <test-method is-config="true" signature="asConfig()[pri:0, instance:inventoryTests.AddProductToCartTest@7817fd62]" started-at="2025-05-21T12:42:27 IST" name="asConfig" finished-at="2025-05-21T12:42:27 IST" duration-ms="3" status="PASS">
          <reporter-output>
          </reporter-output>
        </test-method> <!-- asConfig -->
      </class> <!-- inventoryTests.AddProductToCartTest -->
    </test> <!-- Test -->
  </suite> <!-- Suite -->
</testng-results>
